[2025-07-22T15:49:33.566Z] LOG: listening on port 3001
[2025-07-22T15:49:38.848Z] LOG: 🔍 Generierter Code: HB2025_0087
[2025-07-22T15:49:38.859Z] LOG: ✅ Barcode gespeichert unter /Users/oscarstreich/httpdocs/Metis/herbstball_25/ticket/barcodes/HB2025_0087.png
[2025-07-22T15:49:40.171Z] LOG: ✅ PDF wurde erstellt: /Users/oscarstreich/httpdocs/Metis/herbstball_25/ticket/gen_pdfs/ticket_person_87.pdf
[2025-07-22T15:49:47.078Z] LOG: 🔍 Generierter Code: HB2025_0098
[2025-07-22T15:49:47.087Z] LOG: ✅ Barcode gespeichert unter /Users/oscarstreich/httpdocs/Metis/herbstball_25/ticket/barcodes/HB2025_0098.png
[2025-07-22T15:49:47.784Z] LOG: ✅ PDF wurde erstellt: /Users/oscarstreich/httpdocs/Metis/herbstball_25/ticket/gen_pdfs/ticket_person_98.pdf
[2025-07-26T14:11:12.523Z] LOG: listening on port 3001
[2025-07-26T14:11:23.850Z] LOG: 🔍 Generierter Code: HB2025_0087
[2025-07-26T14:11:23.870Z] LOG: ✅ Barcode gespeichert unter /Users/oscarstreich/httpdocs/Metis/herbstball_25/ticket/barcodes/HB2025_0087.png
[2025-07-26T14:11:26.132Z] LOG: ✅ PDF wurde erstellt: /Users/oscarstreich/httpdocs/Metis/herbstball_25/ticket/gen_pdfs/ticket_person_87.pdf
[2025-07-26T14:13:06.760Z] LOG: listening on port 3001
[2025-07-26T14:13:14.747Z] LOG: 🔍 Generierter Code: HB2025_0087
[2025-07-26T14:13:14.761Z] LOG: ✅ Barcode gespeichert unter /Users/oscarstreich/httpdocs/Metis/herbstball_25/ticket/barcodes/HB2025_0087.png
[2025-07-26T14:13:15.750Z] LOG: ✅ PDF wurde erstellt: /Users/oscarstreich/httpdocs/Metis/herbstball_25/ticket/gen_pdfs/ticket_person_87.pdf
[2025-07-26T14:13:54.857Z] LOG: listening on port 3001
[2025-07-26T14:14:02.406Z] LOG: 🔍 Generierter Code: HB2025_0087
[2025-07-26T14:14:02.419Z] LOG: ✅ Barcode gespeichert unter /Users/oscarstreich/httpdocs/Metis/herbstball_25/ticket/barcodes/HB2025_0087.png
[2025-07-26T14:14:03.414Z] LOG: ✅ PDF wurde erstellt: /Users/oscarstreich/httpdocs/Metis/herbstball_25/ticket/gen_pdfs/ticket_person_87.pdf
[2025-07-26T14:15:00.239Z] LOG: listening on port 3001
[2025-07-26T14:15:11.519Z] LOG: 🔍 Generierter Code: HB2025_0087
[2025-07-26T14:15:11.537Z] LOG: ✅ Barcode gespeichert unter /Users/oscarstreich/httpdocs/Metis/herbstball_25/ticket/barcodes/HB2025_0087.png
[2025-07-26T14:15:12.517Z] LOG: ✅ PDF wurde erstellt: /Users/oscarstreich/httpdocs/Metis/herbstball_25/ticket/gen_pdfs/ticket_person_87.pdf
[2025-07-26T14:25:51.526Z] LOG: listening on port 3001
[2025-07-26T14:25:59.049Z] LOG: 🔍 Generierter Code: HB2025_0087
[2025-07-26T14:25:59.061Z] LOG: ✅ Barcode gespeichert unter /Users/oscarstreich/httpdocs/Metis/herbstball_25/ticket/barcodes/HB2025_0087.png
[2025-07-26T14:26:00.215Z] LOG: ✅ PDF wurde erstellt: /Users/oscarstreich/httpdocs/Metis/herbstball_25/ticket/gen_pdfs/ticket_person_87.pdf
[2025-07-29T19:00:02.706Z] LOG: listening on port 3001
[2025-07-29T19:00:30.272Z] LOG: 🔍 Generierter Code: HB2025_0001
[2025-07-29T19:00:30.287Z] LOG: ✅ Barcode gespeichert unter /Users/oscarstreich/httpdocs/Metis/herbstball_25/ticket/barcodes/HB2025_0001.png
[2025-07-29T19:00:31.471Z] LOG: ✅ PDF wurde erstellt: /Users/oscarstreich/httpdocs/Metis/herbstball_25/ticket/gen_pdfs/ticket_person_1.pdf
[2025-07-31T10:19:36.176Z] LOG: listening on port 3001
[2025-07-31T10:19:45.433Z] LOG: 🔍 Generierter Code: HB2025_0087
[2025-07-31T10:19:45.448Z] LOG: ✅ Barcode gespeichert unter /Users/oscarstreich/httpdocs/Metis/herbstball_25/ticket/barcodes/HB2025_0087.png
[2025-07-31T10:19:46.685Z] LOG: ✅ PDF wurde erstellt: /Users/oscarstreich/httpdocs/Metis/herbstball_25/ticket/gen_pdfs/ticket_person_87.pdf
[2025-07-31T10:22:36.101Z] LOG: 🔍 Generierter Code: HB2025_0087
[2025-07-31T10:22:36.110Z] LOG: ✅ Barcode gespeichert unter /Users/oscarstreich/httpdocs/Metis/herbstball_25/ticket/barcodes/HB2025_0087.png
[2025-07-31T10:22:37.128Z] LOG: ✅ PDF wurde erstellt: /Users/oscarstreich/httpdocs/Metis/herbstball_25/ticket/gen_pdfs/ticket_person_87.pdf
[2025-07-31T17:30:18.467Z] LOG: 🔍 Generierter Code: HB2025_0087
[2025-07-31T17:30:18.474Z] LOG: ✅ Barcode gespeichert unter /Users/oscarstreich/httpdocs/Metis/herbstball_25/ticket/barcodes/HB2025_0087.png
[2025-07-31T17:30:19.657Z] LOG: ✅ PDF wurde erstellt: /Users/oscarstreich/httpdocs/Metis/herbstball_25/ticket/gen_pdfs/ticket_person_87.pdf
[2025-07-31T17:30:52.756Z] LOG: 🔍 Generierter Code: HB2025_0087
[2025-07-31T17:30:52.764Z] LOG: ✅ Barcode gespeichert unter /Users/oscarstreich/httpdocs/Metis/herbstball_25/ticket/barcodes/HB2025_0087.png
[2025-07-31T17:30:53.813Z] LOG: ✅ PDF wurde erstellt: /Users/oscarstreich/httpdocs/Metis/herbstball_25/ticket/gen_pdfs/ticket_person_87.pdf
[2025-07-31T17:32:44.650Z] LOG: listening on port 3001
[2025-07-31T17:32:52.537Z] LOG: 🔍 Generierter Code: HB2025_0087
[2025-07-31T17:32:52.552Z] LOG: ✅ Barcode gespeichert unter /Users/oscarstreich/httpdocs/Metis/herbstball_25/ticket/barcodes/HB2025_0087.png
[2025-07-31T17:32:53.339Z] LOG: ✅ PDF wurde erstellt: /Users/oscarstreich/httpdocs/Metis/herbstball_25/ticket/gen_pdfs/ticket_person_87.pdf
[2025-07-31T17:34:34.652Z] LOG: 🔍 Generierter Code: HB2025_0087
[2025-07-31T17:34:34.659Z] LOG: ✅ Barcode gespeichert unter /Users/oscarstreich/httpdocs/Metis/herbstball_25/ticket/barcodes/HB2025_0087.png
[2025-07-31T17:34:35.689Z] LOG: ✅ PDF wurde erstellt: /Users/oscarstreich/httpdocs/Metis/herbstball_25/ticket/gen_pdfs/ticket_person_87.pdf
[2025-07-31T17:45:09.294Z] LOG: 🔍 Generierter Code: HB2025_0087
[2025-07-31T17:45:09.303Z] LOG: ✅ Barcode gespeichert unter /Users/oscarstreich/httpdocs/Metis/herbstball_25/ticket/barcodes/HB2025_0087.png
[2025-07-31T17:45:10.330Z] LOG: ✅ PDF wurde erstellt: /Users/oscarstreich/httpdocs/Metis/herbstball_25/ticket/gen_pdfs/ticket_person_87.pdf
[2025-07-31T17:53:07.435Z] LOG: 🔍 Generierter Code: HB2025_0087
[2025-07-31T17:53:07.442Z] LOG: ✅ Barcode gespeichert unter /Users/oscarstreich/httpdocs/Metis/herbstball_25/ticket/barcodes/HB2025_0087.png
[2025-07-31T17:53:08.497Z] LOG: ✅ PDF wurde erstellt: /Users/oscarstreich/httpdocs/Metis/herbstball_25/ticket/gen_pdfs/ticket_person_87.pdf
[2025-07-31T17:54:07.621Z] LOG: 🔍 Generierter Code: HB2025_0087
[2025-07-31T17:54:07.627Z] LOG: ✅ Barcode gespeichert unter /Users/oscarstreich/httpdocs/Metis/herbstball_25/ticket/barcodes/HB2025_0087.png
[2025-07-31T17:54:08.629Z] LOG: ✅ PDF wurde erstellt: /Users/oscarstreich/httpdocs/Metis/herbstball_25/ticket/gen_pdfs/ticket_person_87.pdf
[2025-07-31T17:57:50.047Z] LOG: 🔍 Generierter Code: HB2025_0087
[2025-07-31T17:57:50.054Z] LOG: ✅ Barcode gespeichert unter /Users/oscarstreich/httpdocs/Metis/herbstball_25/ticket/barcodes/HB2025_0087.png
[2025-07-31T17:57:51.066Z] LOG: ✅ PDF wurde erstellt: /Users/oscarstreich/httpdocs/Metis/herbstball_25/ticket/gen_pdfs/ticket_person_87.pdf
[2025-07-31T17:59:34.718Z] LOG: 🔍 Generierter Code: HB2025_0087
[2025-07-31T17:59:34.725Z] LOG: ✅ Barcode gespeichert unter /Users/oscarstreich/httpdocs/Metis/herbstball_25/ticket/barcodes/HB2025_0087.png
[2025-07-31T17:59:35.735Z] LOG: ✅ PDF wurde erstellt: /Users/oscarstreich/httpdocs/Metis/herbstball_25/ticket/gen_pdfs/ticket_person_87.pdf
[2025-07-31T18:01:00.081Z] LOG: 🔍 Generierter Code: HB2025_0087
[2025-07-31T18:01:00.087Z] LOG: ✅ Barcode gespeichert unter /Users/oscarstreich/httpdocs/Metis/herbstball_25/ticket/barcodes/HB2025_0087.png
[2025-07-31T18:01:01.126Z] LOG: ✅ PDF wurde erstellt: /Users/oscarstreich/httpdocs/Metis/herbstball_25/ticket/gen_pdfs/ticket_person_87.pdf
[2025-07-31T18:02:38.946Z] LOG: 🔍 Generierter Code: HB2025_0001
[2025-07-31T18:02:38.952Z] LOG: ✅ Barcode gespeichert unter /Users/oscarstreich/httpdocs/Metis/herbstball_25/ticket/barcodes/HB2025_0001.png
[2025-07-31T18:02:39.968Z] LOG: ✅ PDF wurde erstellt: /Users/oscarstreich/httpdocs/Metis/herbstball_25/ticket/gen_pdfs/ticket_person_1.pdf
[2025-08-03T17:15:18.038Z] LOG: listening on port 3001
[2025-08-03T17:15:30.362Z] LOG: 🔍 Generierter Code: HB2025_0017
[2025-08-03T17:15:30.379Z] LOG: ✅ Barcode gespeichert unter /Users/oscarstreich/httpdocs/Metis/herbstball_25/ticket/barcodes/HB2025_0017.png
[2025-08-03T17:15:31.684Z] LOG: ✅ PDF wurde erstellt: /Users/oscarstreich/httpdocs/Metis/herbstball_25/ticket/gen_pdfs/ticket_person_17.pdf
[2025-08-03T17:18:06.640Z] LOG: 🔍 Generierter Code: HB2025_0017
[2025-08-03T17:18:06.647Z] LOG: ✅ Barcode gespeichert unter /Users/oscarstreich/httpdocs/Metis/herbstball_25/ticket/barcodes/HB2025_0017.png
[2025-08-03T17:18:07.745Z] LOG: ✅ PDF wurde erstellt: /Users/oscarstreich/httpdocs/Metis/herbstball_25/ticket/gen_pdfs/ticket_person_17.pdf
[2025-08-03T17:20:18.838Z] LOG: 🔍 Generierter Code: HB2025_0017
[2025-08-03T17:20:18.846Z] LOG: ✅ Barcode gespeichert unter /Users/oscarstreich/httpdocs/Metis/herbstball_25/ticket/barcodes/HB2025_0017.png
[2025-08-03T17:20:19.660Z] LOG: ✅ PDF wurde erstellt: /Users/oscarstreich/httpdocs/Metis/herbstball_25/ticket/gen_pdfs/ticket_person_17.pdf
[2025-08-03T17:20:39.834Z] LOG: 🔍 Generierter Code: HB2025_0017
[2025-08-03T17:20:39.839Z] LOG: ✅ Barcode gespeichert unter /Users/oscarstreich/httpdocs/Metis/herbstball_25/ticket/barcodes/HB2025_0017.png
[2025-08-03T17:20:40.584Z] LOG: ✅ PDF wurde erstellt: /Users/oscarstreich/httpdocs/Metis/herbstball_25/ticket/gen_pdfs/ticket_person_17.pdf
[2025-08-03T17:21:50.071Z] LOG: 🔍 Generierter Code: HB2025_0017
[2025-08-03T17:21:50.073Z] LOG: ✅ Barcode gespeichert unter /Users/oscarstreich/httpdocs/Metis/herbstball_25/ticket/barcodes/HB2025_0017.png
[2025-08-03T17:21:51.176Z] LOG: ✅ PDF wurde erstellt: /Users/oscarstreich/httpdocs/Metis/herbstball_25/ticket/gen_pdfs/ticket_person_17.pdf
[2025-08-03T17:22:48.211Z] LOG: listening on port 3001
[2025-08-03T17:23:11.284Z] LOG: 🔍 Generierter Code: HB2025_0017
[2025-08-03T17:23:11.302Z] LOG: ✅ Barcode gespeichert unter /Users/oscarstreich/httpdocs/Metis/herbstball_25/ticket/barcodes/HB2025_0017.png
[2025-08-03T17:23:12.426Z] LOG: ✅ PDF wurde erstellt: /Users/oscarstreich/httpdocs/Metis/herbstball_25/ticket/gen_pdfs/ticket_person_17.pdf
[2025-08-03T23:40:02.409Z] LOG: listening on port 3001
[2025-08-03T23:40:10.226Z] LOG: 🔍 Generierter Code: HB2025_0087
[2025-08-03T23:40:10.242Z] LOG: ✅ Barcode gespeichert unter /Users/oscarstreich/httpdocs/Metis/herbstball_25/ticket/barcodes/HB2025_0087.png
[2025-08-03T23:40:11.508Z] LOG: ✅ PDF wurde erstellt: /Users/oscarstreich/httpdocs/Metis/herbstball_25/ticket/gen_pdfs/ticket_person_87.pdf
[2025-08-03T23:55:58.965Z] LOG: listening on port 3001
[2025-08-03T23:56:52.459Z] LOG: listening on port 3001
[2025-08-03T23:58:33.418Z] LOG: listening on port 3001
[2025-08-03T23:58:39.974Z] LOG: 🔍 Generierter Code: HB2025_0087
[2025-08-03T23:58:39.987Z] LOG: ✅ Barcode gespeichert unter /Users/oscarstreich/httpdocs/Metis/herbstball_25/ticket/barcodes/HB2025_0087.png
[2025-08-03T23:58:41.150Z] LOG: ✅ PDF wurde erstellt: /Users/oscarstreich/httpdocs/Metis/herbstball_25/ticket/gen_pdfs/ticket_person_87.pdf
[2025-08-04T19:06:20.374Z] LOG: listening on port 3001
[2025-08-04T19:07:04.311Z] LOG: 🔍 Generierter Code: HB2025_0087
[2025-08-04T19:07:04.326Z] LOG: ✅ Barcode gespeichert unter /Users/oscarstreich/httpdocs/Metis/herbstball_25/ticket/barcodes/HB2025_0087.png
[2025-08-04T19:07:05.440Z] LOG: ✅ PDF wurde erstellt: /Users/oscarstreich/httpdocs/Metis/herbstball_25/ticket/gen_pdfs/ticket_person_87.pdf
[2025-08-04T20:23:48.520Z] LOG: listening on port 3001
[2025-08-04T20:23:58.896Z] LOG: 🔍 Generierter Code: HB2025_0087
[2025-08-04T20:23:58.913Z] LOG: ✅ Barcode gespeichert unter /Users/oscarstreich/httpdocs/Metis/herbstball_25/ticket/barcodes/HB2025_0087.png
[2025-08-04T20:23:59.990Z] LOG: ✅ PDF wurde erstellt: /Users/oscarstreich/httpdocs/Metis/herbstball_25/ticket/gen_pdfs/ticket_person_87.pdf
[2025-08-04T20:24:25.389Z] LOG: 🔍 Generierter Code: HB2025_0087
[2025-08-04T20:24:25.399Z] LOG: ✅ Barcode gespeichert unter /Users/oscarstreich/httpdocs/Metis/herbstball_25/ticket/barcodes/HB2025_0087.png
[2025-08-04T20:24:26.480Z] LOG: ✅ PDF wurde erstellt: /Users/oscarstreich/httpdocs/Metis/herbstball_25/ticket/gen_pdfs/ticket_person_87.pdf
[2025-08-19T16:46:57.895Z] LOG: listening on port 3001
[2026-02-18T14:51:09.268Z] LOG: listening on port 3001
[2026-02-18T14:52:01.931Z] LOG: 🔍 Generierter Code: WB2025_0012
[2026-02-18T14:52:01.946Z] LOG: ✅ Barcode gespeichert unter /Users/oscarstreich/httpdocs/Metis/unmuted/ticket/barcodes/WB2025_0012.png
[2026-02-18T14:52:44.241Z] LOG: listening on port 3001
[2026-02-18T14:54:20.072Z] LOG: listening on port 3001
[2026-02-18T14:54:21.711Z] LOG: 🔍 Generierter Code: WB2025_0012
[2026-02-18T14:54:21.733Z] LOG: ✅ Barcode gespeichert unter /Users/oscarstreich/httpdocs/Metis/unmuted/ticket/barcodes/WB2025_0012.png
[2026-02-18T14:54:24.623Z] LOG: ✅ PDF wurde erstellt: /Users/oscarstreich/httpdocs/Metis/unmuted/ticket/gen_pdfs/ticket_person_12.pdf
[2026-02-18T14:54:58.984Z] LOG: listening on port 3001
[2026-02-18T14:55:04.081Z] LOG: 🔍 Generierter Code: WB2025_0072
[2026-02-18T14:55:04.103Z] LOG: ✅ Barcode gespeichert unter /Users/oscarstreich/httpdocs/Metis/unmuted/ticket/barcodes/WB2025_0072.png
[2026-02-18T14:55:05.175Z] LOG: ✅ PDF wurde erstellt: /Users/oscarstreich/httpdocs/Metis/unmuted/ticket/gen_pdfs/ticket_person_72.pdf
[2026-02-18T14:56:20.252Z] LOG: listening on port 3001
[2026-02-18T14:56:22.073Z] LOG: 🔍 Generierter Code: WB2025_0072
[2026-02-18T14:56:22.096Z] LOG: ✅ Barcode gespeichert unter /Users/oscarstreich/httpdocs/Metis/unmuted/ticket/barcodes/WB2025_0072.png
[2026-02-18T14:56:23.381Z] LOG: ✅ PDF wurde erstellt: /Users/oscarstreich/httpdocs/Metis/unmuted/ticket/gen_pdfs/ticket_person_72.pdf
[2026-02-18T14:57:43.442Z] LOG: listening on port 3001
[2026-02-18T14:57:44.944Z] LOG: 🔍 Generierter Code: WB2025_0072
[2026-02-18T14:57:44.966Z] LOG: ✅ Barcode gespeichert unter /Users/oscarstreich/httpdocs/Metis/unmuted/ticket/barcodes/WB2025_0072.png
[2026-02-18T14:57:45.893Z] LOG: ✅ PDF wurde erstellt: /Users/oscarstreich/httpdocs/Metis/unmuted/ticket/gen_pdfs/ticket_person_72.pdf
[2026-02-18T15:00:32.540Z] LOG: listening on port 3001
[2026-02-18T15:00:33.523Z] LOG: 🔍 Generierter Code: U-SKM_0072
[2026-02-18T15:00:33.535Z] LOG: ✅ Barcode gespeichert unter /Users/oscarstreich/httpdocs/Metis/unmuted/ticket/barcodes/U-SKM_0072.png
[2026-02-18T15:00:34.665Z] LOG: ✅ PDF wurde erstellt: /Users/oscarstreich/httpdocs/Metis/unmuted/ticket/gen_pdfs/ticket_person_72.pdf
[2026-02-18T15:01:25.176Z] LOG: listening on port 3001
[2026-02-18T15:01:27.295Z] LOG: 🔍 Generierter Code: U-SKM_0072
[2026-02-18T15:01:27.318Z] LOG: ✅ Barcode gespeichert unter /Users/oscarstreich/httpdocs/Metis/unmuted/ticket/barcodes/U-SKM_0072.png
[2026-02-18T15:01:28.281Z] LOG: ✅ PDF wurde erstellt: /Users/oscarstreich/httpdocs/Metis/unmuted/ticket/gen_pdfs/ticket_person_72.pdf
[2026-02-18T15:01:45.691Z] LOG: 🔍 Generierter Code: U-SKM_0072
[2026-02-18T15:01:45.701Z] LOG: ✅ Barcode gespeichert unter /Users/oscarstreich/httpdocs/Metis/unmuted/ticket/barcodes/U-SKM_0072.png
[2026-02-18T15:01:46.382Z] LOG: ✅ PDF wurde erstellt: /Users/oscarstreich/httpdocs/Metis/unmuted/ticket/gen_pdfs/ticket_person_72.pdf
[2026-02-18T15:02:03.099Z] LOG: listening on port 3001
[2026-02-18T15:02:04.828Z] LOG: 🔍 Generierter Code: U-SKM_0072
[2026-02-18T15:02:04.851Z] LOG: ✅ Barcode gespeichert unter /Users/oscarstreich/httpdocs/Metis/unmuted/ticket/barcodes/U-SKM_0072.png
[2026-02-18T15:02:05.592Z] LOG: ✅ PDF wurde erstellt: /Users/oscarstreich/httpdocs/Metis/unmuted/ticket/gen_pdfs/ticket_person_72.pdf
[2026-02-18T15:02:12.102Z] LOG: listening on port 3001
[2026-02-18T15:02:13.158Z] LOG: 🔍 Generierter Code: U-SKM_0072
[2026-02-18T15:02:13.174Z] LOG: ✅ Barcode gespeichert unter /Users/oscarstreich/httpdocs/Metis/unmuted/ticket/barcodes/U-SKM_0072.png
[2026-02-18T15:02:13.888Z] LOG: ✅ PDF wurde erstellt: /Users/oscarstreich/httpdocs/Metis/unmuted/ticket/gen_pdfs/ticket_person_72.pdf
[2026-02-18T15:02:23.581Z] LOG: listening on port 3001
[2026-02-18T15:02:25.404Z] LOG: 🔍 Generierter Code: U-SKM_0072
[2026-02-18T15:02:25.428Z] LOG: ✅ Barcode gespeichert unter /Users/oscarstreich/httpdocs/Metis/unmuted/ticket/barcodes/U-SKM_0072.png
[2026-02-18T15:02:26.158Z] LOG: ✅ PDF wurde erstellt: /Users/oscarstreich/httpdocs/Metis/unmuted/ticket/gen_pdfs/ticket_person_72.pdf
[2026-02-18T15:02:49.449Z] LOG: listening on port 3001
[2026-02-18T15:02:50.694Z] LOG: 🔍 Generierter Code: U-SKM_0072
[2026-02-18T15:02:50.717Z] LOG: ✅ Barcode gespeichert unter /Users/oscarstreich/httpdocs/Metis/unmuted/ticket/barcodes/U-SKM_0072.png
[2026-02-18T15:02:51.613Z] LOG: ✅ PDF wurde erstellt: /Users/oscarstreich/httpdocs/Metis/unmuted/ticket/gen_pdfs/ticket_person_72.pdf
[2026-02-18T15:04:26.025Z] LOG: listening on port 3001
[2026-02-18T15:04:27.628Z] LOG: 🔍 Generierter Code: U-SKM_0072
[2026-02-18T15:04:27.649Z] LOG: ✅ Barcode gespeichert unter /Users/oscarstreich/httpdocs/Metis/unmuted/ticket/barcodes/U-SKM_0072.png
[2026-02-18T15:04:28.461Z] LOG: ✅ PDF wurde erstellt: /Users/oscarstreich/httpdocs/Metis/unmuted/ticket/gen_pdfs/ticket_person_72.pdf
[2026-02-18T15:05:02.484Z] LOG: listening on port 3001
[2026-02-18T15:05:03.495Z] LOG: 🔍 Generierter Code: U-SKM_0072
[2026-02-18T15:05:03.516Z] LOG: ✅ Barcode gespeichert unter /Users/oscarstreich/httpdocs/Metis/unmuted/ticket/barcodes/U-SKM_0072.png
[2026-02-18T15:05:04.890Z] LOG: ✅ PDF wurde erstellt: /Users/oscarstreich/httpdocs/Metis/unmuted/ticket/gen_pdfs/ticket_person_72.pdf
[2026-02-18T15:06:04.746Z] LOG: listening on port 3001
[2026-02-18T15:06:06.722Z] LOG: 🔍 Generierter Code: U-SKM_0072
[2026-02-18T15:06:06.744Z] LOG: ✅ Barcode gespeichert unter /Users/oscarstreich/httpdocs/Metis/unmuted/ticket/barcodes/U-SKM_0072.png
[2026-02-18T15:06:07.843Z] LOG: ✅ PDF wurde erstellt: /Users/oscarstreich/httpdocs/Metis/unmuted/ticket/gen_pdfs/ticket_person_72.pdf
[2026-02-18T15:12:22.797Z] LOG: listening on port 3001
[2026-02-18T15:12:24.568Z] LOG: 🔍 Generierter Code: U-SKM_0024
[2026-02-18T15:12:24.588Z] LOG: ✅ Barcode gespeichert unter /Users/oscarstreich/httpdocs/Metis/unmuted/ticket/barcodes/U-SKM_0024.png
[2026-02-18T15:12:25.795Z] LOG: ✅ PDF wurde erstellt: /Users/oscarstreich/httpdocs/Metis/unmuted/ticket/gen_pdfs/ticket_person_24.pdf
[2026-03-03T11:30:27.052Z] LOG: listening on port 3001
[2026-03-03T11:31:27.907Z] LOG: 🔍 Generierter Code: U-SKM_0001
[2026-03-03T11:31:27.924Z] LOG: ✅ Barcode gespeichert unter /Users/oscarstreich/httpdocs/Metis/unmuted/ticket/barcodes/U-SKM_0001.png
[2026-03-03T11:31:30.401Z] LOG: ✅ PDF wurde erstellt: /Users/oscarstreich/httpdocs/Metis/unmuted/ticket/gen_pdfs/ticket_person_1.pdf
[2026-03-03T11:33:28.388Z] LOG: 🔍 Generierter Code: U-SKM_0079
[2026-03-03T11:33:28.397Z] LOG: ✅ Barcode gespeichert unter /Users/oscarstreich/httpdocs/Metis/unmuted/ticket/barcodes/U-SKM_0079.png
[2026-03-03T11:33:29.485Z] LOG: ✅ PDF wurde erstellt: /Users/oscarstreich/httpdocs/Metis/unmuted/ticket/gen_pdfs/ticket_person_79.pdf
[2026-03-03T11:40:06.380Z] LOG: 🔍 Generierter Code: U-SKM_0133
[2026-03-03T11:40:06.386Z] LOG: ✅ Barcode gespeichert unter /Users/oscarstreich/httpdocs/Metis/unmuted/ticket/barcodes/U-SKM_0133.png
[2026-03-03T11:40:07.515Z] LOG: ✅ PDF wurde erstellt: /Users/oscarstreich/httpdocs/Metis/unmuted/ticket/gen_pdfs/ticket_person_133.pdf
