[2025-07-20 22:49:24] FEHLER: Ticket-PDF nicht gefunden unter /Users/oscarstreich/httpdocs/Metis/herbstball_25/server/ticket../tickets/ticket_person_87.pdf
[2025-07-20 22:49:24] FEHLER: Ticket-PDF nicht gefunden unter /Users/oscarstreich/httpdocs/Metis/herbstball_25/server/ticket../tickets/ticket_person_96.pdf
[2025-07-20 22:50:15] FEHLER: Ticket-PDF nicht gefunden unter /Users/oscarstreich/httpdocs/Metis/herbstball_25/server/ticket../tickets/ticket_person_87.pdf
[2025-07-20 22:50:20] FEHLER: Ticket-PDF nicht gefunden unter /Users/oscarstreich/httpdocs/Metis/herbstball_25/server/ticket../tickets/ticket_person_96.pdf
[2025-07-20 22:54:36] ERFOLG: E-Mail an streiosc@curiegym.de gesendet.
[2025-07-20 22:54:42] ERFOLG: E-Mail an streiosc@curiegym.de gesendet.
[2025-07-20 22:56:56] FEHLER: E-Mail an  nicht gesendet. Fehler: Invalid address:  (to): 
[2025-07-20 22:57:22] FEHLER: E-Mail an  nicht gesendet. Fehler: Invalid address:  (to): 
[2025-07-20 22:57:46] FEHLER: E-Mail an  nicht gesendet. Fehler: Invalid address:  (to): 
[2025-07-20 22:58:32] ERFOLG: E-Mail an streiosc@curiegym.de gesendet.
[2025-07-20 22:58:38] ERFOLG: E-Mail an streiosc@curiegym.de gesendet.
[2025-07-20 23:04:07] ERFOLG: E-Mail an streiosc@curiegym.de gesendet.
[2025-07-20 23:04:13] ERFOLG: E-Mail an streiosc@curiegym.de gesendet.
[2025-07-20 23:06:51] ERFOLG: E-Mail an streiosc@curiegym.de gesendet.
[2025-07-20 23:06:57] ERFOLG: E-Mail an streiosc@curiegym.de gesendet.
[2025-07-20 23:10:58] ERFOLG: E-Mail an streiosc@curiegym.de gesendet.
[2025-07-20 23:11:04] ERFOLG: E-Mail an streiosc@curiegym.de gesendet.
[2025-07-20 23:14:01] ERFOLG: E-Mail an streiosc@curiegym.de gesendet.
[2025-07-20 23:14:07] ERFOLG: E-Mail an streiosc@curiegym.de gesendet.
[2025-07-20 23:14:25] ERFOLG: E-Mail an streiosc@curiegym.de gesendet.
[2025-07-20 23:14:31] ERFOLG: E-Mail an streiosc@curiegym.de gesendet.
[2025-07-20 23:16:19] ERFOLG: E-Mail an streiosc@curiegym.de gesendet.
[2025-07-20 23:16:25] ERFOLG: E-Mail an streiosc@curiegym.de gesendet.
[2025-07-20 23:17:49] ERFOLG: E-Mail an streiosc@curiegym.de gesendet.
[2025-07-20 23:17:55] ERFOLG: E-Mail an streiosc@curiegym.de gesendet.
[2025-07-21 00:21:29] FEHLER: Ticket-PDF nicht gefunden unter /Users/oscarstreich/httpdocs/Metis/herbstball_25/server/ticket/gen_pdfs/ticket_person_87.pdf
[2025-07-21 00:21:34] ERFOLG: E-Mail an streiosc@curiegym.de gesendet.
[2025-07-21 00:21:35] FEHLER: Ticket-PDF nicht gefunden unter /Users/oscarstreich/httpdocs/Metis/herbstball_25/server/ticket/gen_pdfs/ticket_person_96.pdf
[2025-07-21 00:21:40] ERFOLG: E-Mail an streiosc@curiegym.de gesendet.
[2025-07-21 00:29:38] ERFOLG: E-Mail an streiosc@curiegym.de gesendet.
[2025-07-21 00:29:45] ERFOLG: E-Mail an streiosc@curiegym.de gesendet.
[2025-07-21 00:32:37] FEHLER: E-Mail an  nicht gesendet. Fehler: Invalid address:  (to): 
[2025-07-21 00:32:53] ERFOLG: E-Mail an streiosc@curiegym.de gesendet.
[2025-07-21 00:33:00] ERFOLG: E-Mail an streiosc@curiegym.de gesendet.
[2025-07-21 12:06:16] ERFOLG: E-Mail an streiosc@curiegym.de gesendet.
[2025-07-21 12:06:47] ERFOLG: E-Mail an streiosc@curiegym.de gesendet.
[2025-07-21 12:07:59] ERFOLG: E-Mail an streiosc@curiegym.de gesendet.
[2025-07-21 12:08:15] ERFOLG: E-Mail an streiosc@curiegym.de gesendet.
[2025-07-21 12:13:25] ERFOLG: E-Mail an streiosc@curiegym.de gesendet.
[2025-07-21 12:20:51] ERFOLG: E-Mail an streiosc@curiegym.de gesendet.
[2025-07-21 12:23:00] ERFOLG: E-Mail an streiosc@curiegym.de gesendet.
[2025-07-21 12:24:13] ERFOLG: E-Mail an streiosc@curiegym.de gesendet.
[2025-07-21 12:25:51] ERFOLG: E-Mail an streiosc@curiegym.de gesendet.
[2025-07-21 12:27:54] FEHLER: E-Mail an  nicht gesendet. Fehler: Invalid address:  (to): 
[2025-07-21 12:28:23] FEHLER: E-Mail an  nicht gesendet. Fehler: Invalid address:  (to): 
[2025-07-21 12:28:59] FEHLER: E-Mail an  nicht gesendet. Fehler: Invalid address:  (to): 
[2025-07-21 12:29:47] ERFOLG: E-Mail an streiosc@curiegym.de gesendet.
[2025-07-21 12:35:42] ERFOLG: E-Mail an streiosc@curiegym.de gesendet.
[2025-07-22 12:54:52] ERFOLG: E-Mail an stark.eventsolution@gmail.com gesendet.
[2025-07-22 13:45:26] ERFOLG: E-Mail an streiosc@curiegym.de gesendet.
[2025-07-22 13:46:09] ERFOLG: E-Mail an streiosc@curiegym.de gesendet.
[2025-07-22 13:46:22] ERFOLG: E-Mail an streiosc@curiegym.de gesendet.
[2025-07-22 13:46:41] ERFOLG: E-Mail an streiosc@curiegym.de gesendet.
[2025-07-22 13:46:59] ERFOLG: E-Mail an streiosc@curiegym.de gesendet.
[2025-07-22 13:51:44] ERFOLG: E-Mail an streiosc@curiegym.de gesendet.
[2025-07-22 13:52:49] ERFOLG: E-Mail an streiosc@curiegym.de gesendet.
[2025-07-22 13:53:36] ERFOLG: E-Mail an streiosc@curiegym.de gesendet.
[2025-07-22 14:21:18] ERFOLG: E-Mail an streiosc@curiegym.de gesendet.
[2025-07-22 14:21:32] ERFOLG: E-Mail an streiosc@curiegym.de gesendet.
[2025-07-22 14:38:37] ERFOLG: E-Mail an streiosc@curiegym.de gesendet.
[2025-07-22 14:38:44] ERFOLG: E-Mail an altepommes04@gmail.com gesendet.
[2025-07-22 14:40:11] ERFOLG: E-Mail an streiosc@curiegym.de gesendet.
[2025-07-22 14:40:17] ERFOLG: E-Mail an altepommes04@gmail.com gesendet.
[2025-07-22 15:49:45] ERFOLG: E-Mail an streiosc@curiegym.de gesendet.
[2025-07-22 15:49:52] ERFOLG: E-Mail an altepommes04@gmail.com gesendet.
[2025-07-23 11:52:47] FEHLER: E-Mail an  nicht gesendet. Fehler: Invalid address:  (to): 
[2025-07-23 11:52:51] FEHLER: E-Mail an  nicht gesendet. Fehler: Invalid address:  (to): 
[2025-07-23 11:52:53] FEHLER: E-Mail an  nicht gesendet. Fehler: Invalid address:  (to): 
[2025-07-23 11:52:54] FEHLER: E-Mail an  nicht gesendet. Fehler: Invalid address:  (to): 
[2025-07-23 11:52:55] FEHLER: E-Mail an  nicht gesendet. Fehler: Invalid address:  (to): 
[2025-07-23 11:52:57] FEHLER: E-Mail an  nicht gesendet. Fehler: Invalid address:  (to): 
[2025-07-23 11:52:58] FEHLER: E-Mail an  nicht gesendet. Fehler: Invalid address:  (to): 
[2025-07-26 14:04:00] FEHLER: E-Mail an  nicht gesendet. Fehler: Invalid address:  (to): 
[2025-07-26 14:09:54] ERFOLG: E-Mail an streiosc@curiegym.de gesendet.
[2025-07-26 14:11:30] ERFOLG: E-Mail an streiosc@curiegym.de gesendet.
[2025-07-26 14:13:20] ERFOLG: E-Mail an streiosc@curiegym.de gesendet.
[2025-07-26 14:14:08] ERFOLG: E-Mail an streiosc@curiegym.de gesendet.
[2025-07-26 14:15:17] ERFOLG: E-Mail an streiosc@curiegym.de gesendet.
[2025-07-26 14:26:04] ERFOLG: E-Mail an streiosc@curiegym.de gesendet.
[2025-07-29 18:57:23] ERFOLG: E-Mail an streiosc@curiegym.de gesendet.
[2025-07-29 18:58:36] FEHLER: Ticket-PDF nicht gefunden unter /Users/oscarstreich/httpdocs/Metis/herbstball_25/ticket/gen_pdfs/ticket_person_1.pdf
[2025-07-29 18:58:41] ERFOLG: E-Mail an stark.eventsolution@gmail.com gesendet.
[2025-07-29 19:00:36] ERFOLG: E-Mail an stark.eventsolution@gmail.com gesendet.
[2025-07-31 10:18:24] ERFOLG: E-Mail an streiosc@curiegym.de gesendet.
[2025-07-31 10:18:55] ERFOLG: E-Mail an streiosc@curiegym.de gesendet.
[2025-07-31 10:19:51] ERFOLG: E-Mail an streiosc@curiegym.de gesendet.
[2025-07-31 10:22:41] ERFOLG: E-Mail an streiosc@curiegym.de gesendet.
[2025-07-31 17:30:24] ERFOLG: E-Mail an streiosc@curiegym.de gesendet.
[2025-07-31 17:30:58] ERFOLG: E-Mail an streiosc@curiegym.de gesendet.
[2025-07-31 17:32:58] ERFOLG: E-Mail an streiosc@curiegym.de gesendet.
[2025-07-31 17:34:40] ERFOLG: E-Mail an streiosc@curiegym.de gesendet.
[2025-07-31 17:45:15] ERFOLG: E-Mail an streiosc@curiegym.de gesendet.
[2025-07-31 17:53:13] ERFOLG: E-Mail an streiosc@curiegym.de gesendet.
[2025-07-31 17:54:13] ERFOLG: E-Mail an streiosc@curiegym.de gesendet.
[2025-07-31 17:57:56] ERFOLG: E-Mail an streiosc@curiegym.de gesendet.
[2025-07-31 19:59:40] ERFOLG: E-Mail an streiosc@curiegym.de gesendet.
[2025-07-31 20:01:05] ERFOLG: E-Mail an streiosc@curiegym.de gesendet.
[2025-07-31 20:02:44] ERFOLG: E-Mail an stark.eventsolution@gmail.com gesendet.
[2025-08-02 22:23:25] ERFOLG: E-Mail an streiosc@curiegym.de gesendet.
[2025-08-02 22:24:36] ERFOLG: E-Mail an streiosc@curiegym.de gesendet.
[2025-08-02 22:34:42] ERFOLG: E-Mail an streiosc@curiegym.de gesendet.
[2025-08-02 22:51:04] ERFOLG: E-Mail an streiosc@curiegym.de gesendet.
[2025-08-02 22:51:47] ERFOLG: E-Mail an streiosc@curiegym.de gesendet.
[2025-08-02 22:52:47] ERFOLG: E-Mail an streiosc@curiegym.de gesendet.
[2025-08-02 22:53:35] ERFOLG: E-Mail an streiosc@curiegym.de gesendet.
[2025-08-02 23:13:13] ERFOLG: E-Mail an streiosc@curiegym.de gesendet.
[2025-08-02 23:13:51] ERFOLG: E-Mail an streiosc@curiegym.de gesendet.
[2025-08-02 23:14:58] ERFOLG: E-Mail an streiosc@curiegym.de gesendet.
[2025-08-02 23:15:16] ERFOLG: E-Mail an streiosc@curiegym.de gesendet.
[2025-08-02 23:15:33] ERFOLG: E-Mail an streiosc@curiegym.de gesendet.
[2025-08-02 23:18:44] ERFOLG: E-Mail an streiosc@curiegym.de gesendet.
[2025-08-02 23:22:17] ERFOLG: E-Mail an streiosc@curiegym.de gesendet.
[2025-08-02 23:37:38] ERFOLG: E-Mail an streiosc@curiegym.de gesendet.
[2025-08-03 19:14:00] FEHLER: Ticket-PDF nicht gefunden unter /Users/oscarstreich/httpdocs/Metis/herbstball_25/ticket/gen_pdfs/ticket_person_17.pdf
[2025-08-03 19:14:05] ERFOLG: E-Mail an elsekin2007@gmail.com gesendet.
[2025-08-03 19:15:36] ERFOLG: E-Mail an elsekin2007@gmail.com gesendet.
[2025-08-03 19:18:12] ERFOLG: E-Mail an elsekin2007@gmail.com gesendet.
[2025-08-03 19:20:24] ERFOLG: E-Mail an elsekin2007@gmail.com gesendet.
[2025-08-03 19:20:45] ERFOLG: E-Mail an elsekin2007@gmail.com gesendet.
[2025-08-03 19:21:55] ERFOLG: E-Mail an elsekin2007@gmail.com gesendet.
[2025-08-03 19:23:17] ERFOLG: E-Mail an elsekin2007@gmail.com gesendet.
[2025-08-04 00:32:53] ERFOLG: E-Mail an streiosc@curiegym.de gesendet.
[2025-08-04 00:33:24] FEHLER: Ticket-PDF nicht gefunden unter /Users/oscarstreich/httpdocs/Metis/herbstball_25/ticket/gen_pdfs/ticket_person_112.pdf
[2025-08-04 00:33:29] ERFOLG: E-Mail an altepommes04@gmail.com gesendet.
[2025-08-04 00:33:30] FEHLER: Ticket-PDF nicht gefunden unter /Users/oscarstreich/httpdocs/Metis/herbstball_25/ticket/gen_pdfs/ticket_person_113.pdf
[2025-08-04 00:33:35] ERFOLG: E-Mail an streiosc@curiegym.de gesendet.
[2025-08-04 01:39:56] FEHLER: Ticket-PDF nicht gefunden unter /Users/oscarstreich/httpdocs/Metis/herbstball_25/ticket/gen_pdfs/ticket_person_87.pdf
[2025-08-04 01:40:01] ERFOLG: E-Mail an streiosc@curiegym.de gesendet.
[2025-08-04 01:40:16] ERFOLG: E-Mail an streiosc@curiegym.de gesendet.
[2025-08-04 01:57:08] ERFOLG: E-Mail an streiosc@curiegym.de gesendet.
[2025-08-04 01:57:19] ERFOLG: E-Mail an streiosc@curiegym.de gesendet.
[2025-08-04 01:58:45] ERFOLG: E-Mail an streiosc@curiegym.de gesendet.
[2025-08-04 21:07:10] ERFOLG: E-Mail an streiosc@curiegym.de gesendet.
[2025-08-04 22:24:04] ERFOLG: E-Mail an streiosc@curiegym.de gesendet.
[2025-08-04 22:24:31] ERFOLG: E-Mail an streiosc@curiegym.de gesendet.
[2025-08-19 18:47:20] ERFOLG: E-Mail an streiosc@curiegym.de gesendet.
[2025-08-19 18:47:41] ERFOLG: E-Mail an streiosc@curiegym.de gesendet.
[2025-08-19 18:48:40] ERFOLG: E-Mail an streiosc@curiegym.de gesendet.
[2025-08-19 18:49:33] ERFOLG: E-Mail an streiosc@curiegym.de gesendet.
[2025-08-24 19:02:04] ERFOLG: E-Mail an elsekin2007@gmail.com gesendet.
[2025-09-12 16:08:02] ERFOLG: E-Mail an streiosc@curiegym.de gesendet.
[2025-10-15 23:17:14] ERFOLG: E-Mail an mlasorap@curiegym.de gesendet.
[2025-10-15 23:17:31] ERFOLG: E-Mail an hummeste@curiegym.de gesendet.
[2025-10-15 23:17:55] ERFOLG: E-Mail an angelina.meyer0709@gmail.com gesendet.
[2025-10-15 23:17:56] ERFOLG: E-Mail an klein_lena4@web.de gesendet.
[2025-10-15 23:18:31] ERFOLG: E-Mail an schulemi@curiegym.de gesendet.
[2025-10-15 23:18:51] ERFOLG: E-Mail an zietmmik@curiegym.de gesendet.
[2025-10-15 23:19:04] ERFOLG: E-Mail an annika.schuster2007@gmail.com gesendet.
[2025-10-15 23:19:33] ERFOLG: E-Mail an ohmelea@curiegym.de gesendet.
[2025-10-16 23:31:49] ERFOLG: E-Mail an stolztal@curiegym.de gesendet.
[2025-10-16 23:31:49] ERFOLG: E-Mail an graefhan@curiegym.de gesendet.
[2025-10-16 23:52:25] ERFOLG: E-Mail an kieselchen1234@gmail.com gesendet.
[2025-10-17 00:29:44] ERFOLG: E-Mail an sordon2008@gmx.de gesendet.
[2025-10-17 00:29:45] ERFOLG: E-Mail an Francesca.Fusco07@icloud.com gesendet.
[2025-10-17 00:29:45] ERFOLG: E-Mail an louisweigelt@gmx.de gesendet.
[2025-10-17 00:29:45] ERFOLG: E-Mail an gersoele@curiegym.de gesendet.
